Grammar

    0 $accept: function $end

    1 function: function_header optional_variable body ';'

    2 function_header: FUNCTION IDENTIFIER optional_parameters RETURNS type ';'
    3                | error ';'

    4 type: INTEGER
    5     | REAL
    6     | CHARACTER

    7 optional_parameters: ε
    8                    | parameters

    9 parameters: parameters ',' parameter
   10           | parameter

   11 parameter: IDENTIFIER ':' type

   12 optional_variable: ε
   13                  | optional_variable variable

   14 variable: IDENTIFIER ':' type IS statement ';'
   15         | IDENTIFIER ':' LIST OF type IS list ';'

   16 list: '(' expressions ')'

   17 expressions: expressions ',' expression
   18            | expression

   19 body: BEGIN_ statement_ END

   20 statement_: statement ';'
   21           | error ';'

   22 statement: expression
   23          | WHEN condition ',' expression ':' expression
   24          | SWITCH expression IS cases OTHERS ARROW statement ';' ENDSWITCH
   25          | IF condition THEN statement_ elsif_clauses ELSE statement_ ENDIF
   26          | FOLD direction operator list_choice ENDFOLD

   27 cases: cases case
   28      | ε

   29 case: CASE INT_LITERAL ARROW statement ';'
   30     | error

   31 elsif_clauses: ε
   32              | ELSIF condition THEN statement_ elsif_clauses

   33 direction: LEFT
   34          | RIGHT

   35 operator: ADDOP
   36         | MULOP
   37         | REMOP
   38         | EXPOP

   39 list_choice: list
   40            | IDENTIFIER

   41 condition: condition OROP and_condition
   42          | and_condition

   43 and_condition: and_condition ANDOP not_condition
   44              | not_condition

   45 not_condition: NOTOP not_condition
   46              | relation

   47 relation: '(' condition ')'
   48         | expression RELOP expression

   49 expression: expression ADDOP term
   50           | term

   51 term: term MULOP factor
   52     | term REMOP factor
   53     | factor

   54 factor: primary
   55       | primary EXPOP factor
   56       | NEGOP factor

   57 primary: '(' expression ')'
   58        | INT_LITERAL
   59        | CHAR_LITERAL
   60        | REAL_LITERAL
   61        | IDENTIFIER '(' expression ')'
   62        | IDENTIFIER


Terminals, with rules where they appear

    $end (0) 0
    '(' (40) 16 47 57 61
    ')' (41) 16 47 57 61
    ',' (44) 9 17 23
    ':' (58) 11 14 15 23
    ';' (59) 1 2 3 14 15 20 21 24 29
    error (256) 3 21 30
    IDENTIFIER <iden> (258) 2 11 14 15 40 61 62
    INT_LITERAL <value> (259) 29 58
    CHAR_LITERAL <value> (260) 59
    REAL_LITERAL <value> (261) 60
    ADDOP <oper> (262) 35 49
    MULOP <oper> (263) 36 51
    REMOP <oper> (264) 37 52
    EXPOP <oper> (265) 38 55
    NEGOP <oper> (266) 56
    ANDOP <oper> (267) 43
    RELOP <oper> (268) 48
    OROP <oper> (269) 41
    NOTOP <oper> (270) 45
    ARROW (271) 24 29
    BEGIN_ (272) 19
    CASE (273) 29
    CHARACTER (274) 6
    ELSE (275) 25
    END (276) 19
    ENDSWITCH (277) 24
    FUNCTION (278) 2
    INTEGER (279) 4
    IS (280) 14 15 24
    LIST (281) 15
    OF (282) 15
    OTHERS (283) 24
    RETURNS (284) 2
    SWITCH (285) 24
    WHEN (286) 23
    ELSIF (287) 32
    ENDFOLD (288) 26
    ENDIF (289) 25
    FOLD (290) 26
    IF (291) 25
    LEFT (292) 33
    REAL (293) 5
    RIGHT (294) 34
    THEN (295) 25 32


Nonterminals, with rules where they appear

    $accept (46)
        on left: 0
    function (47)
        on left: 1
        on right: 0
    function_header (48)
        on left: 2 3
        on right: 1
    type (49)
        on left: 4 5 6
        on right: 2 11 14 15
    optional_parameters (50)
        on left: 7 8
        on right: 2
    parameters (51)
        on left: 9 10
        on right: 8 9
    parameter (52)
        on left: 11
        on right: 9 10
    optional_variable (53)
        on left: 12 13
        on right: 1 13
    variable (54)
        on left: 14 15
        on right: 13
    list <list> (55)
        on left: 16
        on right: 15 39
    expressions <list> (56)
        on left: 17 18
        on right: 16 17
    body <value> (57)
        on left: 19
        on right: 1
    statement_ <value> (58)
        on left: 20 21
        on right: 19 25 32
    statement <value> (59)
        on left: 22 23 24 25 26
        on right: 14 20 24 29
    cases <value> (60)
        on left: 27 28
        on right: 24 27
    case <value> (61)
        on left: 29 30
        on right: 27
    elsif_clauses <value> (62)
        on left: 31 32
        on right: 25 32
    direction <value> (63)
        on left: 33 34
        on right: 26
    operator <oper> (64)
        on left: 35 36 37 38
        on right: 26
    list_choice <list> (65)
        on left: 39 40
        on right: 26
    condition <value> (66)
        on left: 41 42
        on right: 23 25 32 41 47
    and_condition <value> (67)
        on left: 43 44
        on right: 41 42 43
    not_condition <value> (68)
        on left: 45 46
        on right: 43 44 45
    relation <value> (69)
        on left: 47 48
        on right: 46
    expression <value> (70)
        on left: 49 50
        on right: 17 18 22 23 24 48 49 57 61
    term <value> (71)
        on left: 51 52 53
        on right: 49 50 51 52
    factor <value> (72)
        on left: 54 55 56
        on right: 51 52 53 55 56
    primary <value> (73)
        on left: 57 58 59 60 61 62
        on right: 54 55


State 0

    0 $accept: • function $end

    error     shift, and go to state 1
    FUNCTION  shift, and go to state 2

    function         go to state 3
    function_header  go to state 4


State 1

    3 function_header: error • ';'

    ';'  shift, and go to state 5


State 2

    2 function_header: FUNCTION • IDENTIFIER optional_parameters RETURNS type ';'

    IDENTIFIER  shift, and go to state 6


State 3

    0 $accept: function • $end

    $end  shift, and go to state 7


State 4

    1 function: function_header • optional_variable body ';'

    $default  reduce using rule 12 (optional_variable)

    optional_variable  go to state 8


State 5

    3 function_header: error ';' •

    $default  reduce using rule 3 (function_header)


State 6

    2 function_header: FUNCTION IDENTIFIER • optional_parameters RETURNS type ';'

    IDENTIFIER  shift, and go to state 9

    $default  reduce using rule 7 (optional_parameters)

    optional_parameters  go to state 10
    parameters           go to state 11
    parameter            go to state 12


State 7

    0 $accept: function $end •

    $default  accept


State 8

    1 function: function_header optional_variable • body ';'
   13 optional_variable: optional_variable • variable

    IDENTIFIER  shift, and go to state 13
    BEGIN_      shift, and go to state 14

    variable  go to state 15
    body      go to state 16


State 9

   11 parameter: IDENTIFIER • ':' type

    ':'  shift, and go to state 17


State 10

    2 function_header: FUNCTION IDENTIFIER optional_parameters • RETURNS type ';'

    RETURNS  shift, and go to state 18


State 11

    8 optional_parameters: parameters •
    9 parameters: parameters • ',' parameter

    ','  shift, and go to state 19

    $default  reduce using rule 8 (optional_parameters)


State 12

   10 parameters: parameter •

    $default  reduce using rule 10 (parameters)


State 13

   14 variable: IDENTIFIER • ':' type IS statement ';'
   15         | IDENTIFIER • ':' LIST OF type IS list ';'

    ':'  shift, and go to state 20


State 14

   19 body: BEGIN_ • statement_ END

    error         shift, and go to state 21
    IDENTIFIER    shift, and go to state 22
    INT_LITERAL   shift, and go to state 23
    CHAR_LITERAL  shift, and go to state 24
    REAL_LITERAL  shift, and go to state 25
    NEGOP         shift, and go to state 26
    SWITCH        shift, and go to state 27
    WHEN          shift, and go to state 28
    FOLD          shift, and go to state 29
    IF            shift, and go to state 30
    '('           shift, and go to state 31

    statement_  go to state 32
    statement   go to state 33
    expression  go to state 34
    term        go to state 35
    factor      go to state 36
    primary     go to state 37


State 15

   13 optional_variable: optional_variable variable •

    $default  reduce using rule 13 (optional_variable)


State 16

    1 function: function_header optional_variable body • ';'

    ';'  shift, and go to state 38


State 17

   11 parameter: IDENTIFIER ':' • type

    CHARACTER  shift, and go to state 39
    INTEGER    shift, and go to state 40
    REAL       shift, and go to state 41

    type  go to state 42


State 18

    2 function_header: FUNCTION IDENTIFIER optional_parameters RETURNS • type ';'

    CHARACTER  shift, and go to state 39
    INTEGER    shift, and go to state 40
    REAL       shift, and go to state 41

    type  go to state 43


State 19

    9 parameters: parameters ',' • parameter

    IDENTIFIER  shift, and go to state 9

    parameter  go to state 44


State 20

   14 variable: IDENTIFIER ':' • type IS statement ';'
   15         | IDENTIFIER ':' • LIST OF type IS list ';'

    CHARACTER  shift, and go to state 39
    INTEGER    shift, and go to state 40
    LIST       shift, and go to state 45
    REAL       shift, and go to state 41

    type  go to state 46


State 21

   21 statement_: error • ';'

    ';'  shift, and go to state 47


State 22

   61 primary: IDENTIFIER • '(' expression ')'
   62        | IDENTIFIER •

    '('  shift, and go to state 48

    $default  reduce using rule 62 (primary)


State 23

   58 primary: INT_LITERAL •

    $default  reduce using rule 58 (primary)


State 24

   59 primary: CHAR_LITERAL •

    $default  reduce using rule 59 (primary)


State 25

   60 primary: REAL_LITERAL •

    $default  reduce using rule 60 (primary)


State 26

   56 factor: NEGOP • factor

    IDENTIFIER    shift, and go to state 22
    INT_LITERAL   shift, and go to state 23
    CHAR_LITERAL  shift, and go to state 24
    REAL_LITERAL  shift, and go to state 25
    NEGOP         shift, and go to state 26
    '('           shift, and go to state 31

    factor   go to state 49
    primary  go to state 37


State 27

   24 statement: SWITCH • expression IS cases OTHERS ARROW statement ';' ENDSWITCH

    IDENTIFIER    shift, and go to state 22
    INT_LITERAL   shift, and go to state 23
    CHAR_LITERAL  shift, and go to state 24
    REAL_LITERAL  shift, and go to state 25
    NEGOP         shift, and go to state 26
    '('           shift, and go to state 31

    expression  go to state 50
    term        go to state 35
    factor      go to state 36
    primary     go to state 37


State 28

   23 statement: WHEN • condition ',' expression ':' expression

    IDENTIFIER    shift, and go to state 22
    INT_LITERAL   shift, and go to state 23
    CHAR_LITERAL  shift, and go to state 24
    REAL_LITERAL  shift, and go to state 25
    NEGOP         shift, and go to state 26
    NOTOP         shift, and go to state 51
    '('           shift, and go to state 52

    condition      go to state 53
    and_condition  go to state 54
    not_condition  go to state 55
    relation       go to state 56
    expression     go to state 57
    term           go to state 35
    factor         go to state 36
    primary        go to state 37


State 29

   26 statement: FOLD • direction operator list_choice ENDFOLD

    LEFT   shift, and go to state 58
    RIGHT  shift, and go to state 59

    direction  go to state 60


State 30

   25 statement: IF • condition THEN statement_ elsif_clauses ELSE statement_ ENDIF

    IDENTIFIER    shift, and go to state 22
    INT_LITERAL   shift, and go to state 23
    CHAR_LITERAL  shift, and go to state 24
    REAL_LITERAL  shift, and go to state 25
    NEGOP         shift, and go to state 26
    NOTOP         shift, and go to state 51
    '('           shift, and go to state 52

    condition      go to state 61
    and_condition  go to state 54
    not_condition  go to state 55
    relation       go to state 56
    expression     go to state 57
    term           go to state 35
    factor         go to state 36
    primary        go to state 37


State 31

   57 primary: '(' • expression ')'

    IDENTIFIER    shift, and go to state 22
    INT_LITERAL   shift, and go to state 23
    CHAR_LITERAL  shift, and go to state 24
    REAL_LITERAL  shift, and go to state 25
    NEGOP         shift, and go to state 26
    '('           shift, and go to state 31

    expression  go to state 62
    term        go to state 35
    factor      go to state 36
    primary     go to state 37


State 32

   19 body: BEGIN_ statement_ • END

    END  shift, and go to state 63


State 33

   20 statement_: statement • ';'

    ';'  shift, and go to state 64


State 34

   22 statement: expression •
   49 expression: expression • ADDOP term

    ADDOP  shift, and go to state 65

    $default  reduce using rule 22 (statement)


State 35

   50 expression: term •
   51 term: term • MULOP factor
   52     | term • REMOP factor

    MULOP  shift, and go to state 66
    REMOP  shift, and go to state 67

    $default  reduce using rule 50 (expression)


State 36

   53 term: factor •

    $default  reduce using rule 53 (term)


State 37

   54 factor: primary •
   55       | primary • EXPOP factor

    EXPOP  shift, and go to state 68

    $default  reduce using rule 54 (factor)


State 38

    1 function: function_header optional_variable body ';' •

    $default  reduce using rule 1 (function)


State 39

    6 type: CHARACTER •

    $default  reduce using rule 6 (type)


State 40

    4 type: INTEGER •

    $default  reduce using rule 4 (type)


State 41

    5 type: REAL •

    $default  reduce using rule 5 (type)


State 42

   11 parameter: IDENTIFIER ':' type •

    $default  reduce using rule 11 (parameter)


State 43

    2 function_header: FUNCTION IDENTIFIER optional_parameters RETURNS type • ';'

    ';'  shift, and go to state 69


State 44

    9 parameters: parameters ',' parameter •

    $default  reduce using rule 9 (parameters)


State 45

   15 variable: IDENTIFIER ':' LIST • OF type IS list ';'

    OF  shift, and go to state 70


State 46

   14 variable: IDENTIFIER ':' type • IS statement ';'

    IS  shift, and go to state 71


State 47

   21 statement_: error ';' •

    $default  reduce using rule 21 (statement_)


State 48

   61 primary: IDENTIFIER '(' • expression ')'

    IDENTIFIER    shift, and go to state 22
    INT_LITERAL   shift, and go to state 23
    CHAR_LITERAL  shift, and go to state 24
    REAL_LITERAL  shift, and go to state 25
    NEGOP         shift, and go to state 26
    '('           shift, and go to state 31

    expression  go to state 72
    term        go to state 35
    factor      go to state 36
    primary     go to state 37


State 49

   56 factor: NEGOP factor •

    $default  reduce using rule 56 (factor)


State 50

   24 statement: SWITCH expression • IS cases OTHERS ARROW statement ';' ENDSWITCH
   49 expression: expression • ADDOP term

    ADDOP  shift, and go to state 65
    IS     shift, and go to state 73


State 51

   45 not_condition: NOTOP • not_condition

    IDENTIFIER    shift, and go to state 22
    INT_LITERAL   shift, and go to state 23
    CHAR_LITERAL  shift, and go to state 24
    REAL_LITERAL  shift, and go to state 25
    NEGOP         shift, and go to state 26
    NOTOP         shift, and go to state 51
    '('           shift, and go to state 52

    not_condition  go to state 74
    relation       go to state 56
    expression     go to state 57
    term           go to state 35
    factor         go to state 36
    primary        go to state 37


State 52

   47 relation: '(' • condition ')'
   57 primary: '(' • expression ')'

    IDENTIFIER    shift, and go to state 22
    INT_LITERAL   shift, and go to state 23
    CHAR_LITERAL  shift, and go to state 24
    REAL_LITERAL  shift, and go to state 25
    NEGOP         shift, and go to state 26
    NOTOP         shift, and go to state 51
    '('           shift, and go to state 52

    condition      go to state 75
    and_condition  go to state 54
    not_condition  go to state 55
    relation       go to state 56
    expression     go to state 76
    term           go to state 35
    factor         go to state 36
    primary        go to state 37


State 53

   23 statement: WHEN condition • ',' expression ':' expression
   41 condition: condition • OROP and_condition

    OROP  shift, and go to state 77
    ','   shift, and go to state 78


State 54

   42 condition: and_condition •
   43 and_condition: and_condition • ANDOP not_condition

    ANDOP  shift, and go to state 79

    $default  reduce using rule 42 (condition)


State 55

   44 and_condition: not_condition •

    $default  reduce using rule 44 (and_condition)


State 56

   46 not_condition: relation •

    $default  reduce using rule 46 (not_condition)


State 57

   48 relation: expression • RELOP expression
   49 expression: expression • ADDOP term

    ADDOP  shift, and go to state 65
    RELOP  shift, and go to state 80


State 58

   33 direction: LEFT •

    $default  reduce using rule 33 (direction)


State 59

   34 direction: RIGHT •

    $default  reduce using rule 34 (direction)


State 60

   26 statement: FOLD direction • operator list_choice ENDFOLD

    ADDOP  shift, and go to state 81
    MULOP  shift, and go to state 82
    REMOP  shift, and go to state 83
    EXPOP  shift, and go to state 84

    operator  go to state 85


State 61

   25 statement: IF condition • THEN statement_ elsif_clauses ELSE statement_ ENDIF
   41 condition: condition • OROP and_condition

    OROP  shift, and go to state 77
    THEN  shift, and go to state 86


State 62

   49 expression: expression • ADDOP term
   57 primary: '(' expression • ')'

    ADDOP  shift, and go to state 65
    ')'    shift, and go to state 87


State 63

   19 body: BEGIN_ statement_ END •

    $default  reduce using rule 19 (body)


State 64

   20 statement_: statement ';' •

    $default  reduce using rule 20 (statement_)


State 65

   49 expression: expression ADDOP • term

    IDENTIFIER    shift, and go to state 22
    INT_LITERAL   shift, and go to state 23
    CHAR_LITERAL  shift, and go to state 24
    REAL_LITERAL  shift, and go to state 25
    NEGOP         shift, and go to state 26
    '('           shift, and go to state 31

    term     go to state 88
    factor   go to state 36
    primary  go to state 37


State 66

   51 term: term MULOP • factor

    IDENTIFIER    shift, and go to state 22
    INT_LITERAL   shift, and go to state 23
    CHAR_LITERAL  shift, and go to state 24
    REAL_LITERAL  shift, and go to state 25
    NEGOP         shift, and go to state 26
    '('           shift, and go to state 31

    factor   go to state 89
    primary  go to state 37


State 67

   52 term: term REMOP • factor

    IDENTIFIER    shift, and go to state 22
    INT_LITERAL   shift, and go to state 23
    CHAR_LITERAL  shift, and go to state 24
    REAL_LITERAL  shift, and go to state 25
    NEGOP         shift, and go to state 26
    '('           shift, and go to state 31

    factor   go to state 90
    primary  go to state 37


State 68

   55 factor: primary EXPOP • factor

    IDENTIFIER    shift, and go to state 22
    INT_LITERAL   shift, and go to state 23
    CHAR_LITERAL  shift, and go to state 24
    REAL_LITERAL  shift, and go to state 25
    NEGOP         shift, and go to state 26
    '('           shift, and go to state 31

    factor   go to state 91
    primary  go to state 37


State 69

    2 function_header: FUNCTION IDENTIFIER optional_parameters RETURNS type ';' •

    $default  reduce using rule 2 (function_header)


State 70

   15 variable: IDENTIFIER ':' LIST OF • type IS list ';'

    CHARACTER  shift, and go to state 39
    INTEGER    shift, and go to state 40
    REAL       shift, and go to state 41

    type  go to state 92


State 71

   14 variable: IDENTIFIER ':' type IS • statement ';'

    IDENTIFIER    shift, and go to state 22
    INT_LITERAL   shift, and go to state 23
    CHAR_LITERAL  shift, and go to state 24
    REAL_LITERAL  shift, and go to state 25
    NEGOP         shift, and go to state 26
    SWITCH        shift, and go to state 27
    WHEN          shift, and go to state 28
    FOLD          shift, and go to state 29
    IF            shift, and go to state 30
    '('           shift, and go to state 31

    statement   go to state 93
    expression  go to state 34
    term        go to state 35
    factor      go to state 36
    primary     go to state 37


State 72

   49 expression: expression • ADDOP term
   61 primary: IDENTIFIER '(' expression • ')'

    ADDOP  shift, and go to state 65
    ')'    shift, and go to state 94


State 73

   24 statement: SWITCH expression IS • cases OTHERS ARROW statement ';' ENDSWITCH

    $default  reduce using rule 28 (cases)

    cases  go to state 95


State 74

   45 not_condition: NOTOP not_condition •

    $default  reduce using rule 45 (not_condition)


State 75

   41 condition: condition • OROP and_condition
   47 relation: '(' condition • ')'

    OROP  shift, and go to state 77
    ')'   shift, and go to state 96


State 76

   48 relation: expression • RELOP expression
   49 expression: expression • ADDOP term
   57 primary: '(' expression • ')'

    ADDOP  shift, and go to state 65
    RELOP  shift, and go to state 80
    ')'    shift, and go to state 87


State 77

   41 condition: condition OROP • and_condition

    IDENTIFIER    shift, and go to state 22
    INT_LITERAL   shift, and go to state 23
    CHAR_LITERAL  shift, and go to state 24
    REAL_LITERAL  shift, and go to state 25
    NEGOP         shift, and go to state 26
    NOTOP         shift, and go to state 51
    '('           shift, and go to state 52

    and_condition  go to state 97
    not_condition  go to state 55
    relation       go to state 56
    expression     go to state 57
    term           go to state 35
    factor         go to state 36
    primary        go to state 37


State 78

   23 statement: WHEN condition ',' • expression ':' expression

    IDENTIFIER    shift, and go to state 22
    INT_LITERAL   shift, and go to state 23
    CHAR_LITERAL  shift, and go to state 24
    REAL_LITERAL  shift, and go to state 25
    NEGOP         shift, and go to state 26
    '('           shift, and go to state 31

    expression  go to state 98
    term        go to state 35
    factor      go to state 36
    primary     go to state 37


State 79

   43 and_condition: and_condition ANDOP • not_condition

    IDENTIFIER    shift, and go to state 22
    INT_LITERAL   shift, and go to state 23
    CHAR_LITERAL  shift, and go to state 24
    REAL_LITERAL  shift, and go to state 25
    NEGOP         shift, and go to state 26
    NOTOP         shift, and go to state 51
    '('           shift, and go to state 52

    not_condition  go to state 99
    relation       go to state 56
    expression     go to state 57
    term           go to state 35
    factor         go to state 36
    primary        go to state 37


State 80

   48 relation: expression RELOP • expression

    IDENTIFIER    shift, and go to state 22
    INT_LITERAL   shift, and go to state 23
    CHAR_LITERAL  shift, and go to state 24
    REAL_LITERAL  shift, and go to state 25
    NEGOP         shift, and go to state 26
    '('           shift, and go to state 31

    expression  go to state 100
    term        go to state 35
    factor      go to state 36
    primary     go to state 37


State 81

   35 operator: ADDOP •

    $default  reduce using rule 35 (operator)


State 82

   36 operator: MULOP •

    $default  reduce using rule 36 (operator)


State 83

   37 operator: REMOP •

    $default  reduce using rule 37 (operator)


State 84

   38 operator: EXPOP •

    $default  reduce using rule 38 (operator)


State 85

   26 statement: FOLD direction operator • list_choice ENDFOLD

    IDENTIFIER  shift, and go to state 101
    '('         shift, and go to state 102

    list         go to state 103
    list_choice  go to state 104


State 86

   25 statement: IF condition THEN • statement_ elsif_clauses ELSE statement_ ENDIF

    error         shift, and go to state 21
    IDENTIFIER    shift, and go to state 22
    INT_LITERAL   shift, and go to state 23
    CHAR_LITERAL  shift, and go to state 24
    REAL_LITERAL  shift, and go to state 25
    NEGOP         shift, and go to state 26
    SWITCH        shift, and go to state 27
    WHEN          shift, and go to state 28
    FOLD          shift, and go to state 29
    IF            shift, and go to state 30
    '('           shift, and go to state 31

    statement_  go to state 105
    statement   go to state 33
    expression  go to state 34
    term        go to state 35
    factor      go to state 36
    primary     go to state 37


State 87

   57 primary: '(' expression ')' •

    $default  reduce using rule 57 (primary)


State 88

   49 expression: expression ADDOP term •
   51 term: term • MULOP factor
   52     | term • REMOP factor

    MULOP  shift, and go to state 66
    REMOP  shift, and go to state 67

    $default  reduce using rule 49 (expression)


State 89

   51 term: term MULOP factor •

    $default  reduce using rule 51 (term)


State 90

   52 term: term REMOP factor •

    $default  reduce using rule 52 (term)


State 91

   55 factor: primary EXPOP factor •

    $default  reduce using rule 55 (factor)


State 92

   15 variable: IDENTIFIER ':' LIST OF type • IS list ';'

    IS  shift, and go to state 106


State 93

   14 variable: IDENTIFIER ':' type IS statement • ';'

    ';'  shift, and go to state 107


State 94

   61 primary: IDENTIFIER '(' expression ')' •

    $default  reduce using rule 61 (primary)


State 95

   24 statement: SWITCH expression IS cases • OTHERS ARROW statement ';' ENDSWITCH
   27 cases: cases • case

    error   shift, and go to state 108
    CASE    shift, and go to state 109
    OTHERS  shift, and go to state 110

    case  go to state 111


State 96

   47 relation: '(' condition ')' •

    $default  reduce using rule 47 (relation)


State 97

   41 condition: condition OROP and_condition •
   43 and_condition: and_condition • ANDOP not_condition

    ANDOP  shift, and go to state 79

    $default  reduce using rule 41 (condition)


State 98

   23 statement: WHEN condition ',' expression • ':' expression
   49 expression: expression • ADDOP term

    ADDOP  shift, and go to state 65
    ':'    shift, and go to state 112


State 99

   43 and_condition: and_condition ANDOP not_condition •

    $default  reduce using rule 43 (and_condition)


State 100

   48 relation: expression RELOP expression •
   49 expression: expression • ADDOP term

    ADDOP  shift, and go to state 65

    $default  reduce using rule 48 (relation)


State 101

   40 list_choice: IDENTIFIER •

    $default  reduce using rule 40 (list_choice)


State 102

   16 list: '(' • expressions ')'

    IDENTIFIER    shift, and go to state 22
    INT_LITERAL   shift, and go to state 23
    CHAR_LITERAL  shift, and go to state 24
    REAL_LITERAL  shift, and go to state 25
    NEGOP         shift, and go to state 26
    '('           shift, and go to state 31

    expressions  go to state 113
    expression   go to state 114
    term         go to state 35
    factor       go to state 36
    primary      go to state 37


State 103

   39 list_choice: list •

    $default  reduce using rule 39 (list_choice)


State 104

   26 statement: FOLD direction operator list_choice • ENDFOLD

    ENDFOLD  shift, and go to state 115


State 105

   25 statement: IF condition THEN statement_ • elsif_clauses ELSE statement_ ENDIF

    ELSIF  shift, and go to state 116

    $default  reduce using rule 31 (elsif_clauses)

    elsif_clauses  go to state 117


State 106

   15 variable: IDENTIFIER ':' LIST OF type IS • list ';'

    '('  shift, and go to state 102

    list  go to state 118


State 107

   14 variable: IDENTIFIER ':' type IS statement ';' •

    $default  reduce using rule 14 (variable)


State 108

   30 case: error •

    $default  reduce using rule 30 (case)


State 109

   29 case: CASE • INT_LITERAL ARROW statement ';'

    INT_LITERAL  shift, and go to state 119


State 110

   24 statement: SWITCH expression IS cases OTHERS • ARROW statement ';' ENDSWITCH

    ARROW  shift, and go to state 120


State 111

   27 cases: cases case •

    $default  reduce using rule 27 (cases)


State 112

   23 statement: WHEN condition ',' expression ':' • expression

    IDENTIFIER    shift, and go to state 22
    INT_LITERAL   shift, and go to state 23
    CHAR_LITERAL  shift, and go to state 24
    REAL_LITERAL  shift, and go to state 25
    NEGOP         shift, and go to state 26
    '('           shift, and go to state 31

    expression  go to state 121
    term        go to state 35
    factor      go to state 36
    primary     go to state 37


State 113

   16 list: '(' expressions • ')'
   17 expressions: expressions • ',' expression

    ','  shift, and go to state 122
    ')'  shift, and go to state 123


State 114

   18 expressions: expression •
   49 expression: expression • ADDOP term

    ADDOP  shift, and go to state 65

    $default  reduce using rule 18 (expressions)


State 115

   26 statement: FOLD direction operator list_choice ENDFOLD •

    $default  reduce using rule 26 (statement)


State 116

   32 elsif_clauses: ELSIF • condition THEN statement_ elsif_clauses

    IDENTIFIER    shift, and go to state 22
    INT_LITERAL   shift, and go to state 23
    CHAR_LITERAL  shift, and go to state 24
    REAL_LITERAL  shift, and go to state 25
    NEGOP         shift, and go to state 26
    NOTOP         shift, and go to state 51
    '('           shift, and go to state 52

    condition      go to state 124
    and_condition  go to state 54
    not_condition  go to state 55
    relation       go to state 56
    expression     go to state 57
    term           go to state 35
    factor         go to state 36
    primary        go to state 37


State 117

   25 statement: IF condition THEN statement_ elsif_clauses • ELSE statement_ ENDIF

    ELSE  shift, and go to state 125


State 118

   15 variable: IDENTIFIER ':' LIST OF type IS list • ';'

    ';'  shift, and go to state 126


State 119

   29 case: CASE INT_LITERAL • ARROW statement ';'

    ARROW  shift, and go to state 127


State 120

   24 statement: SWITCH expression IS cases OTHERS ARROW • statement ';' ENDSWITCH

    IDENTIFIER    shift, and go to state 22
    INT_LITERAL   shift, and go to state 23
    CHAR_LITERAL  shift, and go to state 24
    REAL_LITERAL  shift, and go to state 25
    NEGOP         shift, and go to state 26
    SWITCH        shift, and go to state 27
    WHEN          shift, and go to state 28
    FOLD          shift, and go to state 29
    IF            shift, and go to state 30
    '('           shift, and go to state 31

    statement   go to state 128
    expression  go to state 34
    term        go to state 35
    factor      go to state 36
    primary     go to state 37


State 121

   23 statement: WHEN condition ',' expression ':' expression •
   49 expression: expression • ADDOP term

    ADDOP  shift, and go to state 65

    $default  reduce using rule 23 (statement)


State 122

   17 expressions: expressions ',' • expression

    IDENTIFIER    shift, and go to state 22
    INT_LITERAL   shift, and go to state 23
    CHAR_LITERAL  shift, and go to state 24
    REAL_LITERAL  shift, and go to state 25
    NEGOP         shift, and go to state 26
    '('           shift, and go to state 31

    expression  go to state 129
    term        go to state 35
    factor      go to state 36
    primary     go to state 37


State 123

   16 list: '(' expressions ')' •

    $default  reduce using rule 16 (list)


State 124

   32 elsif_clauses: ELSIF condition • THEN statement_ elsif_clauses
   41 condition: condition • OROP and_condition

    OROP  shift, and go to state 77
    THEN  shift, and go to state 130


State 125

   25 statement: IF condition THEN statement_ elsif_clauses ELSE • statement_ ENDIF

    error         shift, and go to state 21
    IDENTIFIER    shift, and go to state 22
    INT_LITERAL   shift, and go to state 23
    CHAR_LITERAL  shift, and go to state 24
    REAL_LITERAL  shift, and go to state 25
    NEGOP         shift, and go to state 26
    SWITCH        shift, and go to state 27
    WHEN          shift, and go to state 28
    FOLD          shift, and go to state 29
    IF            shift, and go to state 30
    '('           shift, and go to state 31

    statement_  go to state 131
    statement   go to state 33
    expression  go to state 34
    term        go to state 35
    factor      go to state 36
    primary     go to state 37


State 126

   15 variable: IDENTIFIER ':' LIST OF type IS list ';' •

    $default  reduce using rule 15 (variable)


State 127

   29 case: CASE INT_LITERAL ARROW • statement ';'

    IDENTIFIER    shift, and go to state 22
    INT_LITERAL   shift, and go to state 23
    CHAR_LITERAL  shift, and go to state 24
    REAL_LITERAL  shift, and go to state 25
    NEGOP         shift, and go to state 26
    SWITCH        shift, and go to state 27
    WHEN          shift, and go to state 28
    FOLD          shift, and go to state 29
    IF            shift, and go to state 30
    '('           shift, and go to state 31

    statement   go to state 132
    expression  go to state 34
    term        go to state 35
    factor      go to state 36
    primary     go to state 37


State 128

   24 statement: SWITCH expression IS cases OTHERS ARROW statement • ';' ENDSWITCH

    ';'  shift, and go to state 133


State 129

   17 expressions: expressions ',' expression •
   49 expression: expression • ADDOP term

    ADDOP  shift, and go to state 65

    $default  reduce using rule 17 (expressions)


State 130

   32 elsif_clauses: ELSIF condition THEN • statement_ elsif_clauses

    error         shift, and go to state 21
    IDENTIFIER    shift, and go to state 22
    INT_LITERAL   shift, and go to state 23
    CHAR_LITERAL  shift, and go to state 24
    REAL_LITERAL  shift, and go to state 25
    NEGOP         shift, and go to state 26
    SWITCH        shift, and go to state 27
    WHEN          shift, and go to state 28
    FOLD          shift, and go to state 29
    IF            shift, and go to state 30
    '('           shift, and go to state 31

    statement_  go to state 134
    statement   go to state 33
    expression  go to state 34
    term        go to state 35
    factor      go to state 36
    primary     go to state 37


State 131

   25 statement: IF condition THEN statement_ elsif_clauses ELSE statement_ • ENDIF

    ENDIF  shift, and go to state 135


State 132

   29 case: CASE INT_LITERAL ARROW statement • ';'

    ';'  shift, and go to state 136


State 133

   24 statement: SWITCH expression IS cases OTHERS ARROW statement ';' • ENDSWITCH

    ENDSWITCH  shift, and go to state 137


State 134

   32 elsif_clauses: ELSIF condition THEN statement_ • elsif_clauses

    ELSIF  shift, and go to state 116

    $default  reduce using rule 31 (elsif_clauses)

    elsif_clauses  go to state 138


State 135

   25 statement: IF condition THEN statement_ elsif_clauses ELSE statement_ ENDIF •

    $default  reduce using rule 25 (statement)


State 136

   29 case: CASE INT_LITERAL ARROW statement ';' •

    $default  reduce using rule 29 (case)


State 137

   24 statement: SWITCH expression IS cases OTHERS ARROW statement ';' ENDSWITCH •

    $default  reduce using rule 24 (statement)


State 138

   32 elsif_clauses: ELSIF condition THEN statement_ elsif_clauses •

    $default  reduce using rule 32 (elsif_clauses)
